<?xml version="1.0" encoding="UTF-8"?>
<testsuite name="com.bridgelabs.InvoiceServiceTest" tests="1" skipped="0" failures="0" errors="0" timestamp="2021-08-10T10:15:11" hostname="DESKTOP-IB61PHE" time="0.038">
  <properties/>
  <testcase name="givenMultipleRides_ShouldReturnInvoiceSummary" classname="com.bridgelabs.InvoiceServiceTest" time="0.038"/>
  <system-out><![CDATA[]]></system-out>
  <system-err><![CDATA[]]></system-err>
</testsuite>
